Analysis & Synthesis report for relogio
Mon Jun 11 10:31:44 2018
Quartus II 64-Bit Version 13.0.0 Build 156 04/24/2013 SJ Web Edition


---------------------
; Table of Contents ;
---------------------
  1. Legal Notice
  2. Analysis & Synthesis Summary
  3. Analysis & Synthesis Settings
  4. Parallel Compilation
  5. Analysis & Synthesis Source Files Read
  6. Analysis & Synthesis Resource Usage Summary
  7. Analysis & Synthesis Resource Utilization by Entity
  8. User-Specified and Inferred Latches
  9. Registers Removed During Synthesis
 10. Removed Registers Triggering Further Register Optimizations
 11. General Register Statistics
 12. Inverted Register Statistics
 13. Multiplexer Restructuring Statistics (Restructuring Performed)
 14. Port Connectivity Checks: "conv_bin_7seg:Conversor4"
 15. Port Connectivity Checks: "conv_bin_7seg:Conversor3|Divisor_freq:R0"
 16. Port Connectivity Checks: "conv_bin_7seg:Conversor3"
 17. Port Connectivity Checks: "relogio_contador:contador1"
 18. Elapsed Time Per Partition
 19. Analysis & Synthesis Messages



----------------
; Legal Notice ;
----------------
Copyright (C) 1991-2013 Altera Corporation
Your use of Altera Corporation's design tools, logic functions 
and other software and tools, and its AMPP partner logic 
functions, and any output files from any of the foregoing 
(including device programming or simulation files), and any 
associated documentation or information are expressly subject 
to the terms and conditions of the Altera Program License 
Subscription Agreement, Altera MegaCore Function License 
Agreement, or other applicable license agreement, including, 
without limitation, that your use is for the sole purpose of 
programming logic devices manufactured by Altera and sold by 
Altera or its authorized distributors.  Please refer to the 
applicable agreement for further details.



+---------------------------------------------------------------------------------+
; Analysis & Synthesis Summary                                                    ;
+------------------------------------+--------------------------------------------+
; Analysis & Synthesis Status        ; Successful - Mon Jun 11 10:31:44 2018      ;
; Quartus II 64-Bit Version          ; 13.0.0 Build 156 04/24/2013 SJ Web Edition ;
; Revision Name                      ; relogio                                    ;
; Top-level Entity Name              ; relogio                                    ;
; Family                             ; Cyclone II                                 ;
; Total logic elements               ; 431                                        ;
;     Total combinational functions  ; 431                                        ;
;     Dedicated logic registers      ; 143                                        ;
; Total registers                    ; 143                                        ;
; Total pins                         ; 66                                         ;
; Total virtual pins                 ; 0                                          ;
; Total memory bits                  ; 0                                          ;
; Embedded Multiplier 9-bit elements ; 0                                          ;
; Total PLLs                         ; 0                                          ;
+------------------------------------+--------------------------------------------+


+----------------------------------------------------------------------------------------------------------------------+
; Analysis & Synthesis Settings                                                                                        ;
+----------------------------------------------------------------------------+--------------------+--------------------+
; Option                                                                     ; Setting            ; Default Value      ;
+----------------------------------------------------------------------------+--------------------+--------------------+
; Device                                                                     ; EP2C35F672C6       ;                    ;
; Top-level entity name                                                      ; relogio            ; relogio            ;
; Family name                                                                ; Cyclone II         ; Cyclone IV GX      ;
; Use smart compilation                                                      ; Off                ; Off                ;
; Enable parallel Assembler and TimeQuest Timing Analyzer during compilation ; On                 ; On                 ;
; Enable compact report table                                                ; Off                ; Off                ;
; Restructure Multiplexers                                                   ; Auto               ; Auto               ;
; Create Debugging Nodes for IP Cores                                        ; Off                ; Off                ;
; Preserve fewer node names                                                  ; On                 ; On                 ;
; Disable OpenCore Plus hardware evaluation                                  ; Off                ; Off                ;
; Verilog Version                                                            ; Verilog_2001       ; Verilog_2001       ;
; VHDL Version                                                               ; VHDL_1993          ; VHDL_1993          ;
; State Machine Processing                                                   ; Auto               ; Auto               ;
; Safe State Machine                                                         ; Off                ; Off                ;
; Extract Verilog State Machines                                             ; On                 ; On                 ;
; Extract VHDL State Machines                                                ; On                 ; On                 ;
; Ignore Verilog initial constructs                                          ; Off                ; Off                ;
; Iteration limit for constant Verilog loops                                 ; 5000               ; 5000               ;
; Iteration limit for non-constant Verilog loops                             ; 250                ; 250                ;
; Add Pass-Through Logic to Inferred RAMs                                    ; On                 ; On                 ;
; Infer RAMs from Raw Logic                                                  ; On                 ; On                 ;
; Parallel Synthesis                                                         ; On                 ; On                 ;
; DSP Block Balancing                                                        ; Auto               ; Auto               ;
; NOT Gate Push-Back                                                         ; On                 ; On                 ;
; Power-Up Don't Care                                                        ; On                 ; On                 ;
; Remove Redundant Logic Cells                                               ; Off                ; Off                ;
; Remove Duplicate Registers                                                 ; On                 ; On                 ;
; Ignore CARRY Buffers                                                       ; Off                ; Off                ;
; Ignore CASCADE Buffers                                                     ; Off                ; Off                ;
; Ignore GLOBAL Buffers                                                      ; Off                ; Off                ;
; Ignore ROW GLOBAL Buffers                                                  ; Off                ; Off                ;
; Ignore LCELL Buffers                                                       ; Off                ; Off                ;
; Ignore SOFT Buffers                                                        ; On                 ; On                 ;
; Limit AHDL Integers to 32 Bits                                             ; Off                ; Off                ;
; Optimization Technique                                                     ; Balanced           ; Balanced           ;
; Carry Chain Length                                                         ; 70                 ; 70                 ;
; Auto Carry Chains                                                          ; On                 ; On                 ;
; Auto Open-Drain Pins                                                       ; On                 ; On                 ;
; Perform WYSIWYG Primitive Resynthesis                                      ; Off                ; Off                ;
; Auto ROM Replacement                                                       ; On                 ; On                 ;
; Auto RAM Replacement                                                       ; On                 ; On                 ;
; Auto Shift Register Replacement                                            ; Auto               ; Auto               ;
; Allow Shift Register Merging across Hierarchies                            ; Auto               ; Auto               ;
; Auto Clock Enable Replacement                                              ; On                 ; On                 ;
; Strict RAM Replacement                                                     ; Off                ; Off                ;
; Allow Synchronous Control Signals                                          ; On                 ; On                 ;
; Force Use of Synchronous Clear Signals                                     ; Off                ; Off                ;
; Auto RAM to Logic Cell Conversion                                          ; Off                ; Off                ;
; Auto Resource Sharing                                                      ; Off                ; Off                ;
; Allow Any RAM Size For Recognition                                         ; Off                ; Off                ;
; Allow Any ROM Size For Recognition                                         ; Off                ; Off                ;
; Allow Any Shift Register Size For Recognition                              ; Off                ; Off                ;
; Use LogicLock Constraints during Resource Balancing                        ; On                 ; On                 ;
; Ignore translate_off and synthesis_off directives                          ; Off                ; Off                ;
; Timing-Driven Synthesis                                                    ; Off                ; Off                ;
; Report Parameter Settings                                                  ; On                 ; On                 ;
; Report Source Assignments                                                  ; On                 ; On                 ;
; Report Connectivity Checks                                                 ; On                 ; On                 ;
; Ignore Maximum Fan-Out Assignments                                         ; Off                ; Off                ;
; Synchronization Register Chain Length                                      ; 2                  ; 2                  ;
; PowerPlay Power Optimization                                               ; Normal compilation ; Normal compilation ;
; HDL message level                                                          ; Level2             ; Level2             ;
; Suppress Register Optimization Related Messages                            ; Off                ; Off                ;
; Number of Removed Registers Reported in Synthesis Report                   ; 5000               ; 5000               ;
; Number of Swept Nodes Reported in Synthesis Report                         ; 5000               ; 5000               ;
; Number of Inverted Registers Reported in Synthesis Report                  ; 100                ; 100                ;
; Clock MUX Protection                                                       ; On                 ; On                 ;
; Auto Gated Clock Conversion                                                ; Off                ; Off                ;
; Block Design Naming                                                        ; Auto               ; Auto               ;
; SDC constraint protection                                                  ; Off                ; Off                ;
; Synthesis Effort                                                           ; Auto               ; Auto               ;
; Shift Register Replacement - Allow Asynchronous Clear Signal               ; On                 ; On                 ;
; Pre-Mapping Resynthesis Optimization                                       ; Off                ; Off                ;
; Analysis & Synthesis Message Level                                         ; Medium             ; Medium             ;
; Disable Register Merging Across Hierarchies                                ; Auto               ; Auto               ;
; Resource Aware Inference For Block RAM                                     ; On                 ; On                 ;
; Synthesis Seed                                                             ; 1                  ; 1                  ;
+----------------------------------------------------------------------------+--------------------+--------------------+


Parallel compilation was disabled, but you have multiple processors available. Enable parallel compilation to reduce compilation time.
+-------------------------------------+
; Parallel Compilation                ;
+----------------------------+--------+
; Processors                 ; Number ;
+----------------------------+--------+
; Number detected on machine ; 4      ;
; Maximum allowed            ; 1      ;
+----------------------------+--------+


+-----------------------------------------------------------------------------------------------------------------------------------------+
; Analysis & Synthesis Source Files Read                                                                                                  ;
+----------------------------------+-----------------+-----------------+--------------------------------------------------------+---------+
; File Name with User-Entered Path ; Used in Netlist ; File Type       ; File Name with Absolute Path                           ; Library ;
+----------------------------------+-----------------+-----------------+--------------------------------------------------------+---------+
; conv_bin_7seg.vhd                ; yes             ; User VHDL File  ; C:/Users/Aluno/Desktop/Relogio/conv_bin_7seg.vhd       ;         ;
; relogio_contador.vhd             ; yes             ; User VHDL File  ; C:/Users/Aluno/Desktop/Relogio/relogio_contador.vhd    ;         ;
; cronometro_contador.vhd          ; yes             ; User VHDL File  ; C:/Users/Aluno/Desktop/Relogio/cronometro_contador.vhd ;         ;
; relogio.vhd                      ; yes             ; User VHDL File  ; C:/Users/Aluno/Desktop/Relogio/relogio.vhd             ;         ;
; alarme.vhd                       ; yes             ; User VHDL File  ; C:/Users/Aluno/Desktop/Relogio/alarme.vhd              ;         ;
; conv2_bin_7seg.vhd               ; yes             ; User VHDL File  ; C:/Users/Aluno/Desktop/Relogio/conv2_bin_7seg.vhd      ;         ;
; Divisor_freq.vhd                 ; yes             ; User VHDL File  ; C:/Users/Aluno/Desktop/Relogio/Divisor_freq.vhd        ;         ;
+----------------------------------+-----------------+-----------------+--------------------------------------------------------+---------+


+-----------------------------------------------------+
; Analysis & Synthesis Resource Usage Summary         ;
+---------------------------------------------+-------+
; Resource                                    ; Usage ;
+---------------------------------------------+-------+
; Estimated Total logic elements              ; 431   ;
;                                             ;       ;
; Total combinational functions               ; 431   ;
; Logic element usage by number of LUT inputs ;       ;
;     -- 4 input functions                    ; 170   ;
;     -- 3 input functions                    ; 126   ;
;     -- <=2 input functions                  ; 135   ;
;                                             ;       ;
; Logic elements by mode                      ;       ;
;     -- normal mode                          ; 357   ;
;     -- arithmetic mode                      ; 74    ;
;                                             ;       ;
; Total registers                             ; 143   ;
;     -- Dedicated logic registers            ; 143   ;
;     -- I/O registers                        ; 0     ;
;                                             ;       ;
; I/O pins                                    ; 66    ;
; Embedded Multiplier 9-bit elements          ; 0     ;
; Maximum fan-out node                        ; clock ;
; Maximum fan-out                             ; 139   ;
; Total fan-out                               ; 1777  ;
; Average fan-out                             ; 2.78  ;
+---------------------------------------------+-------+


+-------------------------------------------------------------------------------------------------------------------------------------------------------------------------------------------------------------------+
; Analysis & Synthesis Resource Utilization by Entity                                                                                                                                                               ;
+------------------------------------+-------------------+--------------+-------------+--------------+---------+-----------+------+--------------+---------------------------------------------------+--------------+
; Compilation Hierarchy Node         ; LC Combinationals ; LC Registers ; Memory Bits ; DSP Elements ; DSP 9x9 ; DSP 18x18 ; Pins ; Virtual Pins ; Full Hierarchy Name                               ; Library Name ;
+------------------------------------+-------------------+--------------+-------------+--------------+---------+-----------+------+--------------+---------------------------------------------------+--------------+
; |relogio                           ; 431 (84)          ; 143 (0)      ; 0           ; 0            ; 0       ; 0         ; 66   ; 0            ; |relogio                                          ;              ;
;    |alarme:contador2|              ; 30 (30)           ; 18 (18)      ; 0           ; 0            ; 0       ; 0         ; 0    ; 0            ; |relogio|alarme:contador2                         ;              ;
;    |conv2_bin_7seg:Conversor1|     ; 7 (7)             ; 0 (0)        ; 0           ; 0            ; 0       ; 0         ; 0    ; 0            ; |relogio|conv2_bin_7seg:Conversor1                ;              ;
;    |conv2_bin_7seg:Conversor2|     ; 7 (7)             ; 0 (0)        ; 0           ; 0            ; 0       ; 0         ; 0    ; 0            ; |relogio|conv2_bin_7seg:Conversor2                ;              ;
;    |conv_bin_7seg:Conversor3|      ; 7 (7)             ; 0 (0)        ; 0           ; 0            ; 0       ; 0         ; 0    ; 0            ; |relogio|conv_bin_7seg:Conversor3                 ;              ;
;    |conv_bin_7seg:Conversor4|      ; 7 (7)             ; 0 (0)        ; 0           ; 0            ; 0       ; 0         ; 0    ; 0            ; |relogio|conv_bin_7seg:Conversor4                 ;              ;
;    |conv_bin_7seg:Conversor5|      ; 75 (22)           ; 33 (0)       ; 0           ; 0            ; 0       ; 0         ; 0    ; 0            ; |relogio|conv_bin_7seg:Conversor5                 ;              ;
;       |Divisor_freq:R0|            ; 53 (53)           ; 33 (33)      ; 0           ; 0            ; 0       ; 0         ; 0    ; 0            ; |relogio|conv_bin_7seg:Conversor5|Divisor_freq:R0 ;              ;
;    |conv_bin_7seg:Conversor6|      ; 14 (14)           ; 0 (0)        ; 0           ; 0            ; 0       ; 0         ; 0    ; 0            ; |relogio|conv_bin_7seg:Conversor6                 ;              ;
;    |conv_bin_7seg:Conversor7|      ; 22 (22)           ; 0 (0)        ; 0           ; 0            ; 0       ; 0         ; 0    ; 0            ; |relogio|conv_bin_7seg:Conversor7                 ;              ;
;    |conv_bin_7seg:Conversor8|      ; 14 (14)           ; 0 (0)        ; 0           ; 0            ; 0       ; 0         ; 0    ; 0            ; |relogio|conv_bin_7seg:Conversor8                 ;              ;
;    |cronometro_contador:contador3| ; 69 (69)           ; 43 (43)      ; 0           ; 0            ; 0       ; 0         ; 0    ; 0            ; |relogio|cronometro_contador:contador3            ;              ;
;    |relogio_contador:contador1|    ; 95 (95)           ; 49 (49)      ; 0           ; 0            ; 0       ; 0         ; 0    ; 0            ; |relogio|relogio_contador:contador1               ;              ;
+------------------------------------+-------------------+--------------+-------------+--------------+---------+-----------+------+--------------+---------------------------------------------------+--------------+
Note: For table entries with two numbers listed, the numbers in parentheses indicate the number of resources of the given type used by the specific entity alone. The numbers listed outside of parentheses indicate the total resources of the given type used by the specific entity and all of its sub-entities in the hierarchy.


+--------------------------------------------------------------------------------------------------------------+
; User-Specified and Inferred Latches                                                                          ;
+-----------------------------------------------------+-------------------------------+------------------------+
; Latch Name                                          ; Latch Enable Signal           ; Free of Timing Hazards ;
+-----------------------------------------------------+-------------------------------+------------------------+
; contagem_seg_uni[0]                                 ; saida_led_modo0               ; yes                    ;
; contagem_seg_uni[1]                                 ; saida_led_modo0               ; yes                    ;
; contagem_seg_uni[2]                                 ; saida_led_modo0               ; yes                    ;
; contagem_seg_uni[3]                                 ; saida_led_modo0               ; yes                    ;
; contagem_seg_dez[1]                                 ; saida_led_modo0               ; yes                    ;
; contagem_seg_dez[0]                                 ; saida_led_modo0               ; yes                    ;
; contagem_seg_dez[2]                                 ; saida_led_modo0               ; yes                    ;
; conv_bin_7seg:Conversor5|q[0]                       ; conv_bin_7seg:Conversor5|q[6] ; yes                    ;
; conv_bin_7seg:Conversor5|q[1]                       ; conv_bin_7seg:Conversor5|q[6] ; yes                    ;
; conv_bin_7seg:Conversor5|q[2]                       ; conv_bin_7seg:Conversor5|q[6] ; yes                    ;
; conv_bin_7seg:Conversor5|q[3]                       ; conv_bin_7seg:Conversor5|q[6] ; yes                    ;
; conv_bin_7seg:Conversor5|q[4]                       ; conv_bin_7seg:Conversor5|q[6] ; yes                    ;
; conv_bin_7seg:Conversor5|q[5]                       ; conv_bin_7seg:Conversor5|q[6] ; yes                    ;
; conv_bin_7seg:Conversor5|q[6]                       ; conv_bin_7seg:Conversor5|q[6] ; yes                    ;
; conv_bin_7seg:Conversor6|q[0]                       ; conv_bin_7seg:Conversor5|q[6] ; yes                    ;
; conv_bin_7seg:Conversor6|q[1]                       ; conv_bin_7seg:Conversor5|q[6] ; yes                    ;
; conv_bin_7seg:Conversor6|q[2]                       ; conv_bin_7seg:Conversor5|q[6] ; yes                    ;
; conv_bin_7seg:Conversor6|q[3]                       ; conv_bin_7seg:Conversor5|q[6] ; yes                    ;
; conv_bin_7seg:Conversor6|q[4]                       ; conv_bin_7seg:Conversor5|q[6] ; yes                    ;
; conv_bin_7seg:Conversor6|q[5]                       ; conv_bin_7seg:Conversor5|q[6] ; yes                    ;
; conv_bin_7seg:Conversor6|q[6]                       ; conv_bin_7seg:Conversor5|q[6] ; yes                    ;
; conv_bin_7seg:Conversor7|q[0]                       ; conv_bin_7seg:Conversor5|q[6] ; yes                    ;
; conv_bin_7seg:Conversor7|q[1]                       ; conv_bin_7seg:Conversor5|q[6] ; yes                    ;
; conv_bin_7seg:Conversor7|q[2]                       ; conv_bin_7seg:Conversor5|q[6] ; yes                    ;
; conv_bin_7seg:Conversor7|q[3]                       ; conv_bin_7seg:Conversor5|q[6] ; yes                    ;
; conv_bin_7seg:Conversor7|q[4]                       ; conv_bin_7seg:Conversor5|q[6] ; yes                    ;
; conv_bin_7seg:Conversor7|q[5]                       ; conv_bin_7seg:Conversor5|q[6] ; yes                    ;
; conv_bin_7seg:Conversor7|q[6]                       ; conv_bin_7seg:Conversor5|q[6] ; yes                    ;
; conv_bin_7seg:Conversor8|q[0]                       ; conv_bin_7seg:Conversor5|q[6] ; yes                    ;
; conv_bin_7seg:Conversor8|q[1]                       ; conv_bin_7seg:Conversor5|q[6] ; yes                    ;
; conv_bin_7seg:Conversor8|q[2]                       ; conv_bin_7seg:Conversor5|q[6] ; yes                    ;
; conv_bin_7seg:Conversor8|q[3]                       ; conv_bin_7seg:Conversor5|q[6] ; yes                    ;
; conv_bin_7seg:Conversor8|q[4]                       ; conv_bin_7seg:Conversor5|q[6] ; yes                    ;
; conv_bin_7seg:Conversor8|q[5]                       ; conv_bin_7seg:Conversor5|q[6] ; yes                    ;
; conv_bin_7seg:Conversor8|q[6]                       ; conv_bin_7seg:Conversor5|q[6] ; yes                    ;
; contagem_centseg_uni[0]                             ; Equal0                        ; yes                    ;
; contagem_centseg_uni[1]                             ; Equal0                        ; yes                    ;
; contagem_centseg_uni[2]                             ; Equal0                        ; yes                    ;
; contagem_centseg_uni[3]                             ; Equal0                        ; yes                    ;
; contagem_centseg_dez[0]                             ; Equal0                        ; yes                    ;
; contagem_centseg_dez[1]                             ; Equal0                        ; yes                    ;
; contagem_centseg_dez[2]                             ; Equal0                        ; yes                    ;
; contagem_centseg_dez[3]                             ; Equal0                        ; yes                    ;
; saida_led_modo0$latch                               ; GND                           ; yes                    ;
; saida_led_modo1$latch                               ; GND                           ; yes                    ;
; saida_led_modo2$latch                               ; GND                           ; yes                    ;
; led_alarme$latch                                    ; process_0                     ; yes                    ;
; contagem_min_uni[0]                                 ; saida_led_modo0               ; yes                    ;
; contagem_min_uni[1]                                 ; saida_led_modo0               ; yes                    ;
; contagem_min_uni[2]                                 ; saida_led_modo0               ; yes                    ;
; contagem_min_uni[3]                                 ; saida_led_modo0               ; yes                    ;
; contagem_min_dez[0]                                 ; saida_led_modo0               ; yes                    ;
; contagem_min_dez[1]                                 ; saida_led_modo0               ; yes                    ;
; contagem_min_dez[2]                                 ; saida_led_modo0               ; yes                    ;
; contagem_hora_uni[0]                                ; alarme:contador2|modo[1]      ; yes                    ;
; contagem_hora_uni[1]                                ; alarme:contador2|modo[1]      ; yes                    ;
; contagem_hora_uni[2]                                ; alarme:contador2|modo[1]      ; yes                    ;
; contagem_hora_uni[3]                                ; alarme:contador2|modo[1]      ; yes                    ;
; contagem_hora_dez[0]                                ; alarme:contador2|modo[1]      ; yes                    ;
; contagem_hora_dez[1]                                ; alarme:contador2|modo[1]      ; yes                    ;
; contagem_hora_dez[2]                                ; alarme:contador2|modo[1]      ; yes                    ;
; Number of user-specified and inferred latches = 61  ;                               ;                        ;
+-----------------------------------------------------+-------------------------------+------------------------+
Note: All latches listed above may not be present at the end of synthesis due to various synthesis optimizations.


+------------------------------------------------------------------------------------------------------------------------------+
; Registers Removed During Synthesis                                                                                           ;
+----------------------------------------------------------+-------------------------------------------------------------------+
; Register name                                            ; Reason for Removal                                                ;
+----------------------------------------------------------+-------------------------------------------------------------------+
; conv_bin_7seg:Conversor4|Divisor_freq:R0|estado          ; Lost fanout                                                       ;
; conv_bin_7seg:Conversor4|Divisor_freq:R0|contagem[0..31] ; Lost fanout                                                       ;
; conv_bin_7seg:Conversor3|Divisor_freq:R0|estado          ; Lost fanout                                                       ;
; conv_bin_7seg:Conversor3|Divisor_freq:R0|contagem[0..31] ; Lost fanout                                                       ;
; conv_bin_7seg:Conversor6|Divisor_freq:R0|estado          ; Merged with conv_bin_7seg:Conversor5|Divisor_freq:R0|estado       ;
; conv_bin_7seg:Conversor7|Divisor_freq:R0|estado          ; Merged with conv_bin_7seg:Conversor5|Divisor_freq:R0|estado       ;
; conv_bin_7seg:Conversor8|Divisor_freq:R0|estado          ; Merged with conv_bin_7seg:Conversor5|Divisor_freq:R0|estado       ;
; conv_bin_7seg:Conversor6|Divisor_freq:R0|contagem[31]    ; Merged with conv_bin_7seg:Conversor5|Divisor_freq:R0|contagem[31] ;
; conv_bin_7seg:Conversor7|Divisor_freq:R0|contagem[31]    ; Merged with conv_bin_7seg:Conversor5|Divisor_freq:R0|contagem[31] ;
; conv_bin_7seg:Conversor8|Divisor_freq:R0|contagem[31]    ; Merged with conv_bin_7seg:Conversor5|Divisor_freq:R0|contagem[31] ;
; conv_bin_7seg:Conversor6|Divisor_freq:R0|contagem[30]    ; Merged with conv_bin_7seg:Conversor5|Divisor_freq:R0|contagem[30] ;
; conv_bin_7seg:Conversor7|Divisor_freq:R0|contagem[30]    ; Merged with conv_bin_7seg:Conversor5|Divisor_freq:R0|contagem[30] ;
; conv_bin_7seg:Conversor8|Divisor_freq:R0|contagem[30]    ; Merged with conv_bin_7seg:Conversor5|Divisor_freq:R0|contagem[30] ;
; conv_bin_7seg:Conversor6|Divisor_freq:R0|contagem[29]    ; Merged with conv_bin_7seg:Conversor5|Divisor_freq:R0|contagem[29] ;
; conv_bin_7seg:Conversor7|Divisor_freq:R0|contagem[29]    ; Merged with conv_bin_7seg:Conversor5|Divisor_freq:R0|contagem[29] ;
; conv_bin_7seg:Conversor8|Divisor_freq:R0|contagem[29]    ; Merged with conv_bin_7seg:Conversor5|Divisor_freq:R0|contagem[29] ;
; conv_bin_7seg:Conversor6|Divisor_freq:R0|contagem[28]    ; Merged with conv_bin_7seg:Conversor5|Divisor_freq:R0|contagem[28] ;
; conv_bin_7seg:Conversor7|Divisor_freq:R0|contagem[28]    ; Merged with conv_bin_7seg:Conversor5|Divisor_freq:R0|contagem[28] ;
; conv_bin_7seg:Conversor8|Divisor_freq:R0|contagem[28]    ; Merged with conv_bin_7seg:Conversor5|Divisor_freq:R0|contagem[28] ;
; conv_bin_7seg:Conversor6|Divisor_freq:R0|contagem[27]    ; Merged with conv_bin_7seg:Conversor5|Divisor_freq:R0|contagem[27] ;
; conv_bin_7seg:Conversor7|Divisor_freq:R0|contagem[27]    ; Merged with conv_bin_7seg:Conversor5|Divisor_freq:R0|contagem[27] ;
; conv_bin_7seg:Conversor8|Divisor_freq:R0|contagem[27]    ; Merged with conv_bin_7seg:Conversor5|Divisor_freq:R0|contagem[27] ;
; conv_bin_7seg:Conversor6|Divisor_freq:R0|contagem[26]    ; Merged with conv_bin_7seg:Conversor5|Divisor_freq:R0|contagem[26] ;
; conv_bin_7seg:Conversor7|Divisor_freq:R0|contagem[26]    ; Merged with conv_bin_7seg:Conversor5|Divisor_freq:R0|contagem[26] ;
; conv_bin_7seg:Conversor8|Divisor_freq:R0|contagem[26]    ; Merged with conv_bin_7seg:Conversor5|Divisor_freq:R0|contagem[26] ;
; conv_bin_7seg:Conversor6|Divisor_freq:R0|contagem[25]    ; Merged with conv_bin_7seg:Conversor5|Divisor_freq:R0|contagem[25] ;
; conv_bin_7seg:Conversor7|Divisor_freq:R0|contagem[25]    ; Merged with conv_bin_7seg:Conversor5|Divisor_freq:R0|contagem[25] ;
; conv_bin_7seg:Conversor8|Divisor_freq:R0|contagem[25]    ; Merged with conv_bin_7seg:Conversor5|Divisor_freq:R0|contagem[25] ;
; conv_bin_7seg:Conversor6|Divisor_freq:R0|contagem[24]    ; Merged with conv_bin_7seg:Conversor5|Divisor_freq:R0|contagem[24] ;
; conv_bin_7seg:Conversor7|Divisor_freq:R0|contagem[24]    ; Merged with conv_bin_7seg:Conversor5|Divisor_freq:R0|contagem[24] ;
; conv_bin_7seg:Conversor8|Divisor_freq:R0|contagem[24]    ; Merged with conv_bin_7seg:Conversor5|Divisor_freq:R0|contagem[24] ;
; conv_bin_7seg:Conversor6|Divisor_freq:R0|contagem[23]    ; Merged with conv_bin_7seg:Conversor5|Divisor_freq:R0|contagem[23] ;
; conv_bin_7seg:Conversor7|Divisor_freq:R0|contagem[23]    ; Merged with conv_bin_7seg:Conversor5|Divisor_freq:R0|contagem[23] ;
; conv_bin_7seg:Conversor8|Divisor_freq:R0|contagem[23]    ; Merged with conv_bin_7seg:Conversor5|Divisor_freq:R0|contagem[23] ;
; conv_bin_7seg:Conversor6|Divisor_freq:R0|contagem[22]    ; Merged with conv_bin_7seg:Conversor5|Divisor_freq:R0|contagem[22] ;
; conv_bin_7seg:Conversor7|Divisor_freq:R0|contagem[22]    ; Merged with conv_bin_7seg:Conversor5|Divisor_freq:R0|contagem[22] ;
; conv_bin_7seg:Conversor8|Divisor_freq:R0|contagem[22]    ; Merged with conv_bin_7seg:Conversor5|Divisor_freq:R0|contagem[22] ;
; conv_bin_7seg:Conversor6|Divisor_freq:R0|contagem[21]    ; Merged with conv_bin_7seg:Conversor5|Divisor_freq:R0|contagem[21] ;
; conv_bin_7seg:Conversor7|Divisor_freq:R0|contagem[21]    ; Merged with conv_bin_7seg:Conversor5|Divisor_freq:R0|contagem[21] ;
; conv_bin_7seg:Conversor8|Divisor_freq:R0|contagem[21]    ; Merged with conv_bin_7seg:Conversor5|Divisor_freq:R0|contagem[21] ;
; conv_bin_7seg:Conversor6|Divisor_freq:R0|contagem[20]    ; Merged with conv_bin_7seg:Conversor5|Divisor_freq:R0|contagem[20] ;
; conv_bin_7seg:Conversor7|Divisor_freq:R0|contagem[20]    ; Merged with conv_bin_7seg:Conversor5|Divisor_freq:R0|contagem[20] ;
; conv_bin_7seg:Conversor8|Divisor_freq:R0|contagem[20]    ; Merged with conv_bin_7seg:Conversor5|Divisor_freq:R0|contagem[20] ;
; conv_bin_7seg:Conversor6|Divisor_freq:R0|contagem[19]    ; Merged with conv_bin_7seg:Conversor5|Divisor_freq:R0|contagem[19] ;
; conv_bin_7seg:Conversor7|Divisor_freq:R0|contagem[19]    ; Merged with conv_bin_7seg:Conversor5|Divisor_freq:R0|contagem[19] ;
; conv_bin_7seg:Conversor8|Divisor_freq:R0|contagem[19]    ; Merged with conv_bin_7seg:Conversor5|Divisor_freq:R0|contagem[19] ;
; conv_bin_7seg:Conversor6|Divisor_freq:R0|contagem[18]    ; Merged with conv_bin_7seg:Conversor5|Divisor_freq:R0|contagem[18] ;
; conv_bin_7seg:Conversor7|Divisor_freq:R0|contagem[18]    ; Merged with conv_bin_7seg:Conversor5|Divisor_freq:R0|contagem[18] ;
; conv_bin_7seg:Conversor8|Divisor_freq:R0|contagem[18]    ; Merged with conv_bin_7seg:Conversor5|Divisor_freq:R0|contagem[18] ;
; conv_bin_7seg:Conversor6|Divisor_freq:R0|contagem[17]    ; Merged with conv_bin_7seg:Conversor5|Divisor_freq:R0|contagem[17] ;
; conv_bin_7seg:Conversor7|Divisor_freq:R0|contagem[17]    ; Merged with conv_bin_7seg:Conversor5|Divisor_freq:R0|contagem[17] ;
; conv_bin_7seg:Conversor8|Divisor_freq:R0|contagem[17]    ; Merged with conv_bin_7seg:Conversor5|Divisor_freq:R0|contagem[17] ;
; conv_bin_7seg:Conversor6|Divisor_freq:R0|contagem[16]    ; Merged with conv_bin_7seg:Conversor5|Divisor_freq:R0|contagem[16] ;
; conv_bin_7seg:Conversor7|Divisor_freq:R0|contagem[16]    ; Merged with conv_bin_7seg:Conversor5|Divisor_freq:R0|contagem[16] ;
; conv_bin_7seg:Conversor8|Divisor_freq:R0|contagem[16]    ; Merged with conv_bin_7seg:Conversor5|Divisor_freq:R0|contagem[16] ;
; conv_bin_7seg:Conversor6|Divisor_freq:R0|contagem[15]    ; Merged with conv_bin_7seg:Conversor5|Divisor_freq:R0|contagem[15] ;
; conv_bin_7seg:Conversor7|Divisor_freq:R0|contagem[15]    ; Merged with conv_bin_7seg:Conversor5|Divisor_freq:R0|contagem[15] ;
; conv_bin_7seg:Conversor8|Divisor_freq:R0|contagem[15]    ; Merged with conv_bin_7seg:Conversor5|Divisor_freq:R0|contagem[15] ;
; conv_bin_7seg:Conversor6|Divisor_freq:R0|contagem[14]    ; Merged with conv_bin_7seg:Conversor5|Divisor_freq:R0|contagem[14] ;
; conv_bin_7seg:Conversor7|Divisor_freq:R0|contagem[14]    ; Merged with conv_bin_7seg:Conversor5|Divisor_freq:R0|contagem[14] ;
; conv_bin_7seg:Conversor8|Divisor_freq:R0|contagem[14]    ; Merged with conv_bin_7seg:Conversor5|Divisor_freq:R0|contagem[14] ;
; conv_bin_7seg:Conversor6|Divisor_freq:R0|contagem[13]    ; Merged with conv_bin_7seg:Conversor5|Divisor_freq:R0|contagem[13] ;
; conv_bin_7seg:Conversor7|Divisor_freq:R0|contagem[13]    ; Merged with conv_bin_7seg:Conversor5|Divisor_freq:R0|contagem[13] ;
; conv_bin_7seg:Conversor8|Divisor_freq:R0|contagem[13]    ; Merged with conv_bin_7seg:Conversor5|Divisor_freq:R0|contagem[13] ;
; conv_bin_7seg:Conversor6|Divisor_freq:R0|contagem[12]    ; Merged with conv_bin_7seg:Conversor5|Divisor_freq:R0|contagem[12] ;
; conv_bin_7seg:Conversor7|Divisor_freq:R0|contagem[12]    ; Merged with conv_bin_7seg:Conversor5|Divisor_freq:R0|contagem[12] ;
; conv_bin_7seg:Conversor8|Divisor_freq:R0|contagem[12]    ; Merged with conv_bin_7seg:Conversor5|Divisor_freq:R0|contagem[12] ;
; conv_bin_7seg:Conversor6|Divisor_freq:R0|contagem[11]    ; Merged with conv_bin_7seg:Conversor5|Divisor_freq:R0|contagem[11] ;
; conv_bin_7seg:Conversor7|Divisor_freq:R0|contagem[11]    ; Merged with conv_bin_7seg:Conversor5|Divisor_freq:R0|contagem[11] ;
; conv_bin_7seg:Conversor8|Divisor_freq:R0|contagem[11]    ; Merged with conv_bin_7seg:Conversor5|Divisor_freq:R0|contagem[11] ;
; conv_bin_7seg:Conversor6|Divisor_freq:R0|contagem[10]    ; Merged with conv_bin_7seg:Conversor5|Divisor_freq:R0|contagem[10] ;
; conv_bin_7seg:Conversor7|Divisor_freq:R0|contagem[10]    ; Merged with conv_bin_7seg:Conversor5|Divisor_freq:R0|contagem[10] ;
; conv_bin_7seg:Conversor8|Divisor_freq:R0|contagem[10]    ; Merged with conv_bin_7seg:Conversor5|Divisor_freq:R0|contagem[10] ;
; conv_bin_7seg:Conversor6|Divisor_freq:R0|contagem[9]     ; Merged with conv_bin_7seg:Conversor5|Divisor_freq:R0|contagem[9]  ;
; conv_bin_7seg:Conversor7|Divisor_freq:R0|contagem[9]     ; Merged with conv_bin_7seg:Conversor5|Divisor_freq:R0|contagem[9]  ;
; conv_bin_7seg:Conversor8|Divisor_freq:R0|contagem[9]     ; Merged with conv_bin_7seg:Conversor5|Divisor_freq:R0|contagem[9]  ;
; conv_bin_7seg:Conversor6|Divisor_freq:R0|contagem[8]     ; Merged with conv_bin_7seg:Conversor5|Divisor_freq:R0|contagem[8]  ;
; conv_bin_7seg:Conversor7|Divisor_freq:R0|contagem[8]     ; Merged with conv_bin_7seg:Conversor5|Divisor_freq:R0|contagem[8]  ;
; conv_bin_7seg:Conversor8|Divisor_freq:R0|contagem[8]     ; Merged with conv_bin_7seg:Conversor5|Divisor_freq:R0|contagem[8]  ;
; conv_bin_7seg:Conversor6|Divisor_freq:R0|contagem[7]     ; Merged with conv_bin_7seg:Conversor5|Divisor_freq:R0|contagem[7]  ;
; conv_bin_7seg:Conversor7|Divisor_freq:R0|contagem[7]     ; Merged with conv_bin_7seg:Conversor5|Divisor_freq:R0|contagem[7]  ;
; conv_bin_7seg:Conversor8|Divisor_freq:R0|contagem[7]     ; Merged with conv_bin_7seg:Conversor5|Divisor_freq:R0|contagem[7]  ;
; conv_bin_7seg:Conversor6|Divisor_freq:R0|contagem[6]     ; Merged with conv_bin_7seg:Conversor5|Divisor_freq:R0|contagem[6]  ;
; conv_bin_7seg:Conversor7|Divisor_freq:R0|contagem[6]     ; Merged with conv_bin_7seg:Conversor5|Divisor_freq:R0|contagem[6]  ;
; conv_bin_7seg:Conversor8|Divisor_freq:R0|contagem[6]     ; Merged with conv_bin_7seg:Conversor5|Divisor_freq:R0|contagem[6]  ;
; conv_bin_7seg:Conversor6|Divisor_freq:R0|contagem[5]     ; Merged with conv_bin_7seg:Conversor5|Divisor_freq:R0|contagem[5]  ;
; conv_bin_7seg:Conversor7|Divisor_freq:R0|contagem[5]     ; Merged with conv_bin_7seg:Conversor5|Divisor_freq:R0|contagem[5]  ;
; conv_bin_7seg:Conversor8|Divisor_freq:R0|contagem[5]     ; Merged with conv_bin_7seg:Conversor5|Divisor_freq:R0|contagem[5]  ;
; conv_bin_7seg:Conversor6|Divisor_freq:R0|contagem[4]     ; Merged with conv_bin_7seg:Conversor5|Divisor_freq:R0|contagem[4]  ;
; conv_bin_7seg:Conversor7|Divisor_freq:R0|contagem[4]     ; Merged with conv_bin_7seg:Conversor5|Divisor_freq:R0|contagem[4]  ;
; conv_bin_7seg:Conversor8|Divisor_freq:R0|contagem[4]     ; Merged with conv_bin_7seg:Conversor5|Divisor_freq:R0|contagem[4]  ;
; conv_bin_7seg:Conversor6|Divisor_freq:R0|contagem[3]     ; Merged with conv_bin_7seg:Conversor5|Divisor_freq:R0|contagem[3]  ;
; conv_bin_7seg:Conversor7|Divisor_freq:R0|contagem[3]     ; Merged with conv_bin_7seg:Conversor5|Divisor_freq:R0|contagem[3]  ;
; conv_bin_7seg:Conversor8|Divisor_freq:R0|contagem[3]     ; Merged with conv_bin_7seg:Conversor5|Divisor_freq:R0|contagem[3]  ;
; conv_bin_7seg:Conversor6|Divisor_freq:R0|contagem[2]     ; Merged with conv_bin_7seg:Conversor5|Divisor_freq:R0|contagem[2]  ;
; conv_bin_7seg:Conversor7|Divisor_freq:R0|contagem[2]     ; Merged with conv_bin_7seg:Conversor5|Divisor_freq:R0|contagem[2]  ;
; conv_bin_7seg:Conversor8|Divisor_freq:R0|contagem[2]     ; Merged with conv_bin_7seg:Conversor5|Divisor_freq:R0|contagem[2]  ;
; conv_bin_7seg:Conversor6|Divisor_freq:R0|contagem[1]     ; Merged with conv_bin_7seg:Conversor5|Divisor_freq:R0|contagem[1]  ;
; conv_bin_7seg:Conversor7|Divisor_freq:R0|contagem[1]     ; Merged with conv_bin_7seg:Conversor5|Divisor_freq:R0|contagem[1]  ;
; conv_bin_7seg:Conversor8|Divisor_freq:R0|contagem[1]     ; Merged with conv_bin_7seg:Conversor5|Divisor_freq:R0|contagem[1]  ;
; conv_bin_7seg:Conversor6|Divisor_freq:R0|contagem[0]     ; Merged with conv_bin_7seg:Conversor5|Divisor_freq:R0|contagem[0]  ;
; conv_bin_7seg:Conversor7|Divisor_freq:R0|contagem[0]     ; Merged with conv_bin_7seg:Conversor5|Divisor_freq:R0|contagem[0]  ;
; conv_bin_7seg:Conversor8|Divisor_freq:R0|contagem[0]     ; Merged with conv_bin_7seg:Conversor5|Divisor_freq:R0|contagem[0]  ;
; cronometro_contador:contador3|modo[0]                    ; Merged with alarme:contador2|modo[0]                              ;
; relogio_contador:contador1|modo[0]                       ; Merged with alarme:contador2|modo[0]                              ;
; cronometro_contador:contador3|modo[1]                    ; Merged with alarme:contador2|modo[1]                              ;
; relogio_contador:contador1|modo[1]                       ; Merged with alarme:contador2|modo[1]                              ;
; modo[0]                                                  ; Merged with alarme:contador2|modo[0]                              ;
; modo[1]                                                  ; Merged with alarme:contador2|modo[1]                              ;
; Total Number of Removed Registers = 171                  ;                                                                   ;
+----------------------------------------------------------+-------------------------------------------------------------------+


+-------------------------------------------------------------------------------------------------------------------------------+
; Removed Registers Triggering Further Register Optimizations                                                                   ;
+-------------------------------------------------+--------------------+--------------------------------------------------------+
; Register name                                   ; Reason for Removal ; Registers Removed due to This Register                 ;
+-------------------------------------------------+--------------------+--------------------------------------------------------+
; conv_bin_7seg:Conversor4|Divisor_freq:R0|estado ; Lost Fanouts       ; conv_bin_7seg:Conversor4|Divisor_freq:R0|contagem[31], ;
;                                                 ;                    ; conv_bin_7seg:Conversor4|Divisor_freq:R0|contagem[30], ;
;                                                 ;                    ; conv_bin_7seg:Conversor4|Divisor_freq:R0|contagem[29], ;
;                                                 ;                    ; conv_bin_7seg:Conversor4|Divisor_freq:R0|contagem[28], ;
;                                                 ;                    ; conv_bin_7seg:Conversor4|Divisor_freq:R0|contagem[27], ;
;                                                 ;                    ; conv_bin_7seg:Conversor4|Divisor_freq:R0|contagem[26], ;
;                                                 ;                    ; conv_bin_7seg:Conversor4|Divisor_freq:R0|contagem[25], ;
;                                                 ;                    ; conv_bin_7seg:Conversor4|Divisor_freq:R0|contagem[24], ;
;                                                 ;                    ; conv_bin_7seg:Conversor4|Divisor_freq:R0|contagem[23]  ;
; conv_bin_7seg:Conversor3|Divisor_freq:R0|estado ; Lost Fanouts       ; conv_bin_7seg:Conversor3|Divisor_freq:R0|contagem[31], ;
;                                                 ;                    ; conv_bin_7seg:Conversor3|Divisor_freq:R0|contagem[30], ;
;                                                 ;                    ; conv_bin_7seg:Conversor3|Divisor_freq:R0|contagem[29], ;
;                                                 ;                    ; conv_bin_7seg:Conversor3|Divisor_freq:R0|contagem[28], ;
;                                                 ;                    ; conv_bin_7seg:Conversor3|Divisor_freq:R0|contagem[27], ;
;                                                 ;                    ; conv_bin_7seg:Conversor3|Divisor_freq:R0|contagem[26], ;
;                                                 ;                    ; conv_bin_7seg:Conversor3|Divisor_freq:R0|contagem[25], ;
;                                                 ;                    ; conv_bin_7seg:Conversor3|Divisor_freq:R0|contagem[24], ;
;                                                 ;                    ; conv_bin_7seg:Conversor3|Divisor_freq:R0|contagem[23]  ;
+-------------------------------------------------+--------------------+--------------------------------------------------------+


+------------------------------------------------------+
; General Register Statistics                          ;
+----------------------------------------------+-------+
; Statistic                                    ; Value ;
+----------------------------------------------+-------+
; Total registers                              ; 143   ;
; Number of registers using Synchronous Clear  ; 0     ;
; Number of registers using Synchronous Load   ; 0     ;
; Number of registers using Asynchronous Clear ; 37    ;
; Number of registers using Asynchronous Load  ; 0     ;
; Number of registers using Clock Enable       ; 71    ;
; Number of registers using Preset             ; 0     ;
+----------------------------------------------+-------+


+----------------------------------------------------------------+
; Inverted Register Statistics                                   ;
+------------------------------------------------------+---------+
; Inverted Register                                    ; Fan out ;
+------------------------------------------------------+---------+
; conv_bin_7seg:Conversor5|Divisor_freq:R0|contagem[0] ; 2       ;
; Total number of inverted registers = 1               ;         ;
+------------------------------------------------------+---------+


+--------------------------------------------------------------------------------------------------------------------------------------------------------------------+
; Multiplexer Restructuring Statistics (Restructuring Performed)                                                                                                     ;
+--------------------+-----------+---------------+----------------------+------------------------+------------+------------------------------------------------------+
; Multiplexer Inputs ; Bus Width ; Baseline Area ; Area if Restructured ; Saving if Restructured ; Registered ; Example Multiplexer Output                           ;
+--------------------+-----------+---------------+----------------------+------------------------+------------+------------------------------------------------------+
; 3:1                ; 3 bits    ; 6 LEs         ; 3 LEs                ; 3 LEs                  ; Yes        ; |relogio|alarme:contador2|cont_hora_dez[2]           ;
; 3:1                ; 4 bits    ; 8 LEs         ; 4 LEs                ; 4 LEs                  ; Yes        ; |relogio|alarme:contador2|cont_hora_uni[3]           ;
; 5:1                ; 4 bits    ; 12 LEs        ; 4 LEs                ; 8 LEs                  ; Yes        ; |relogio|relogio_contador:contador1|cont_min_uni[3]  ;
; 6:1                ; 3 bits    ; 12 LEs        ; 3 LEs                ; 9 LEs                  ; Yes        ; |relogio|relogio_contador:contador1|cont_min_dez[2]  ;
; 9:1                ; 3 bits    ; 18 LEs        ; 6 LEs                ; 12 LEs                 ; Yes        ; |relogio|relogio_contador:contador1|cont_hora_dez[2] ;
; 10:1               ; 3 bits    ; 18 LEs        ; 6 LEs                ; 12 LEs                 ; Yes        ; |relogio|relogio_contador:contador1|cont_hora_uni[2] ;
; 3:1                ; 6 bits    ; 12 LEs        ; 6 LEs                ; 6 LEs                  ; No         ; |relogio|relogio_contador:contador1|cont_hora_dez    ;
; 3:1                ; 16 bits   ; 32 LEs        ; 16 LEs               ; 16 LEs                 ; No         ; |relogio|conv_bin_7seg:Conversor7|q[6]               ;
; 3:1                ; 7 bits    ; 14 LEs        ; 14 LEs               ; 0 LEs                  ; No         ; |relogio|contagem_seg_uni[1]                         ;
; 3:1                ; 7 bits    ; 14 LEs        ; 14 LEs               ; 0 LEs                  ; No         ; |relogio|contagem_min_uni[1]                         ;
+--------------------+-----------+---------------+----------------------+------------------------+------------+------------------------------------------------------+


+------------------------------------------------------+
; Port Connectivity Checks: "conv_bin_7seg:Conversor4" ;
+--------+-------+----------+--------------------------+
; Port   ; Type  ; Severity ; Details                  ;
+--------+-------+----------+--------------------------+
; piscar ; Input ; Info     ; Stuck at GND             ;
+--------+-------+----------+--------------------------+


+----------------------------------------------------------------------+
; Port Connectivity Checks: "conv_bin_7seg:Conversor3|Divisor_freq:R0" ;
+---------------+-------+----------+-----------------------------------+
; Port          ; Type  ; Severity ; Details                           ;
+---------------+-------+----------+-----------------------------------+
; final[20..19] ; Input ; Info     ; Stuck at VCC                      ;
; final[10..9]  ; Input ; Info     ; Stuck at VCC                      ;
; final[31..24] ; Input ; Info     ; Stuck at GND                      ;
; final[22..21] ; Input ; Info     ; Stuck at GND                      ;
; final[18..16] ; Input ; Info     ; Stuck at GND                      ;
; final[14..13] ; Input ; Info     ; Stuck at GND                      ;
; final[6..0]   ; Input ; Info     ; Stuck at GND                      ;
; final[23]     ; Input ; Info     ; Stuck at VCC                      ;
; final[15]     ; Input ; Info     ; Stuck at VCC                      ;
; final[12]     ; Input ; Info     ; Stuck at VCC                      ;
; final[11]     ; Input ; Info     ; Stuck at GND                      ;
; final[8]      ; Input ; Info     ; Stuck at GND                      ;
; final[7]      ; Input ; Info     ; Stuck at VCC                      ;
+---------------+-------+----------+-----------------------------------+


+------------------------------------------------------+
; Port Connectivity Checks: "conv_bin_7seg:Conversor3" ;
+--------+-------+----------+--------------------------+
; Port   ; Type  ; Severity ; Details                  ;
+--------+-------+----------+--------------------------+
; piscar ; Input ; Info     ; Stuck at GND             ;
+--------+-------+----------+--------------------------+


+--------------------------------------------------------------------------------------------------------------------------------------------------+
; Port Connectivity Checks: "relogio_contador:contador1"                                                                                           ;
+-------------------+--------+----------+----------------------------------------------------------------------------------------------------------+
; Port              ; Type   ; Severity ; Details                                                                                                  ;
+-------------------+--------+----------+----------------------------------------------------------------------------------------------------------+
; centseg_saida_uni ; Output ; Warning  ; Declared by entity but not connected by instance. Logic that only feeds a dangling port will be removed. ;
; centseg_saida_dez ; Output ; Warning  ; Declared by entity but not connected by instance. Logic that only feeds a dangling port will be removed. ;
+-------------------+--------+----------+----------------------------------------------------------------------------------------------------------+


+-------------------------------+
; Elapsed Time Per Partition    ;
+----------------+--------------+
; Partition Name ; Elapsed Time ;
+----------------+--------------+
; Top            ; 00:00:01     ;
+----------------+--------------+


+-------------------------------+
; Analysis & Synthesis Messages ;
+-------------------------------+
Info: *******************************************************************
Info: Running Quartus II 64-Bit Analysis & Synthesis
    Info: Version 13.0.0 Build 156 04/24/2013 SJ Web Edition
    Info: Processing started: Mon Jun 11 10:31:41 2018
Info: Command: quartus_map --read_settings_files=on --write_settings_files=off relogio -c relogio
Warning (20028): Parallel compilation is not licensed and has been disabled
Info (12021): Found 2 design units, including 1 entities, in source file conv_bin_7seg.vhd
    Info (12022): Found design unit 1: conv_bin_7seg-arcConv
    Info (12023): Found entity 1: conv_bin_7seg
Info (12021): Found 2 design units, including 1 entities, in source file relogio_contador.vhd
    Info (12022): Found design unit 1: relogio_contador-cont_arth
    Info (12023): Found entity 1: relogio_contador
Info (12021): Found 2 design units, including 1 entities, in source file cronometro_contador.vhd
    Info (12022): Found design unit 1: cronometro_contador-cont_arth
    Info (12023): Found entity 1: cronometro_contador
Info (12021): Found 2 design units, including 1 entities, in source file relogio.vhd
    Info (12022): Found design unit 1: relogio-relogio_arch
    Info (12023): Found entity 1: relogio
Info (12021): Found 2 design units, including 1 entities, in source file alarme.vhd
    Info (12022): Found design unit 1: alarme-alarme_arch
    Info (12023): Found entity 1: alarme
Info (12021): Found 2 design units, including 1 entities, in source file conv2_bin_7seg.vhd
    Info (12022): Found design unit 1: conv2_bin_7seg-arcConv
    Info (12023): Found entity 1: conv2_bin_7seg
Info (12021): Found 2 design units, including 1 entities, in source file divisor_freq.vhd
    Info (12022): Found design unit 1: Divisor_freq-Divisor_freq
    Info (12023): Found entity 1: Divisor_freq
Info (12127): Elaborating entity "relogio" for the top level hierarchy
Warning (10492): VHDL Process Statement warning at relogio.vhd(101): signal "mode" is read inside the Process Statement but isn't in the Process Statement's sensitivity list
Warning (10492): VHDL Process Statement warning at relogio.vhd(109): signal "relogio_contagem_seg_uni" is read inside the Process Statement but isn't in the Process Statement's sensitivity list
Warning (10492): VHDL Process Statement warning at relogio.vhd(110): signal "relogio_contagem_seg_dez" is read inside the Process Statement but isn't in the Process Statement's sensitivity list
Warning (10492): VHDL Process Statement warning at relogio.vhd(111): signal "relogio_contagem_min_uni" is read inside the Process Statement but isn't in the Process Statement's sensitivity list
Warning (10492): VHDL Process Statement warning at relogio.vhd(112): signal "relogio_contagem_min_dez" is read inside the Process Statement but isn't in the Process Statement's sensitivity list
Warning (10492): VHDL Process Statement warning at relogio.vhd(113): signal "relogio_contagem_hora_uni" is read inside the Process Statement but isn't in the Process Statement's sensitivity list
Warning (10492): VHDL Process Statement warning at relogio.vhd(114): signal "relogio_contagem_hora_dez" is read inside the Process Statement but isn't in the Process Statement's sensitivity list
Warning (10492): VHDL Process Statement warning at relogio.vhd(120): signal "alarme_contagem_seg_uni" is read inside the Process Statement but isn't in the Process Statement's sensitivity list
Warning (10492): VHDL Process Statement warning at relogio.vhd(121): signal "alarme_contagem_seg_dez" is read inside the Process Statement but isn't in the Process Statement's sensitivity list
Warning (10492): VHDL Process Statement warning at relogio.vhd(122): signal "alarme_contagem_min_uni" is read inside the Process Statement but isn't in the Process Statement's sensitivity list
Warning (10492): VHDL Process Statement warning at relogio.vhd(123): signal "alarme_contagem_min_dez" is read inside the Process Statement but isn't in the Process Statement's sensitivity list
Warning (10492): VHDL Process Statement warning at relogio.vhd(124): signal "alarme_contagem_hora_uni" is read inside the Process Statement but isn't in the Process Statement's sensitivity list
Warning (10492): VHDL Process Statement warning at relogio.vhd(125): signal "alarme_contagem_hora_dez" is read inside the Process Statement but isn't in the Process Statement's sensitivity list
Warning (10492): VHDL Process Statement warning at relogio.vhd(132): signal "cronometro_contagem_centseg_uni" is read inside the Process Statement but isn't in the Process Statement's sensitivity list
Warning (10492): VHDL Process Statement warning at relogio.vhd(133): signal "cronometro_contagem_centseg_dez" is read inside the Process Statement but isn't in the Process Statement's sensitivity list
Warning (10492): VHDL Process Statement warning at relogio.vhd(134): signal "cronometro_contagem_seg_uni" is read inside the Process Statement but isn't in the Process Statement's sensitivity list
Warning (10492): VHDL Process Statement warning at relogio.vhd(135): signal "cronometro_contagem_seg_dez" is read inside the Process Statement but isn't in the Process Statement's sensitivity list
Warning (10492): VHDL Process Statement warning at relogio.vhd(136): signal "cronometro_contagem_min_uni" is read inside the Process Statement but isn't in the Process Statement's sensitivity list
Warning (10492): VHDL Process Statement warning at relogio.vhd(137): signal "cronometro_contagem_min_dez" is read inside the Process Statement but isn't in the Process Statement's sensitivity list
Warning (10492): VHDL Process Statement warning at relogio.vhd(143): signal "relogio_contagem_seg_uni" is read inside the Process Statement but isn't in the Process Statement's sensitivity list
Warning (10492): VHDL Process Statement warning at relogio.vhd(143): signal "alarme_contagem_seg_uni" is read inside the Process Statement but isn't in the Process Statement's sensitivity list
Warning (10492): VHDL Process Statement warning at relogio.vhd(144): signal "relogio_contagem_seg_dez" is read inside the Process Statement but isn't in the Process Statement's sensitivity list
Warning (10492): VHDL Process Statement warning at relogio.vhd(144): signal "alarme_contagem_seg_dez" is read inside the Process Statement but isn't in the Process Statement's sensitivity list
Warning (10492): VHDL Process Statement warning at relogio.vhd(145): signal "relogio_contagem_min_uni" is read inside the Process Statement but isn't in the Process Statement's sensitivity list
Warning (10492): VHDL Process Statement warning at relogio.vhd(145): signal "alarme_contagem_min_uni" is read inside the Process Statement but isn't in the Process Statement's sensitivity list
Warning (10492): VHDL Process Statement warning at relogio.vhd(146): signal "relogio_contagem_min_dez" is read inside the Process Statement but isn't in the Process Statement's sensitivity list
Warning (10492): VHDL Process Statement warning at relogio.vhd(146): signal "alarme_contagem_min_dez" is read inside the Process Statement but isn't in the Process Statement's sensitivity list
Warning (10492): VHDL Process Statement warning at relogio.vhd(147): signal "relogio_contagem_hora_uni" is read inside the Process Statement but isn't in the Process Statement's sensitivity list
Warning (10492): VHDL Process Statement warning at relogio.vhd(147): signal "alarme_contagem_hora_uni" is read inside the Process Statement but isn't in the Process Statement's sensitivity list
Warning (10492): VHDL Process Statement warning at relogio.vhd(148): signal "relogio_contagem_hora_dez" is read inside the Process Statement but isn't in the Process Statement's sensitivity list
Warning (10492): VHDL Process Statement warning at relogio.vhd(148): signal "alarme_contagem_hora_dez" is read inside the Process Statement but isn't in the Process Statement's sensitivity list
Warning (10492): VHDL Process Statement warning at relogio.vhd(151): signal "relogio_contagem_seg_uni" is read inside the Process Statement but isn't in the Process Statement's sensitivity list
Warning (10492): VHDL Process Statement warning at relogio.vhd(152): signal "relogio_contagem_seg_dez" is read inside the Process Statement but isn't in the Process Statement's sensitivity list
Warning (10492): VHDL Process Statement warning at relogio.vhd(153): signal "relogio_contagem_min_uni" is read inside the Process Statement but isn't in the Process Statement's sensitivity list
Warning (10492): VHDL Process Statement warning at relogio.vhd(154): signal "relogio_contagem_min_dez" is read inside the Process Statement but isn't in the Process Statement's sensitivity list
Warning (10492): VHDL Process Statement warning at relogio.vhd(155): signal "relogio_contagem_hora_uni" is read inside the Process Statement but isn't in the Process Statement's sensitivity list
Warning (10492): VHDL Process Statement warning at relogio.vhd(156): signal "relogio_contagem_hora_dez" is read inside the Process Statement but isn't in the Process Statement's sensitivity list
Warning (10492): VHDL Process Statement warning at relogio.vhd(162): signal "relogio_contagem_seg_uni" is read inside the Process Statement but isn't in the Process Statement's sensitivity list
Warning (10492): VHDL Process Statement warning at relogio.vhd(162): signal "relogio_contagem_seg_dez" is read inside the Process Statement but isn't in the Process Statement's sensitivity list
Warning (10631): VHDL Process Statement warning at relogio.vhd(96): inferring latch(es) for signal or variable "contagem_seg_uni", which holds its previous value in one or more paths through the process
Warning (10631): VHDL Process Statement warning at relogio.vhd(96): inferring latch(es) for signal or variable "contagem_seg_dez", which holds its previous value in one or more paths through the process
Warning (10631): VHDL Process Statement warning at relogio.vhd(96): inferring latch(es) for signal or variable "contagem_min_uni", which holds its previous value in one or more paths through the process
Warning (10631): VHDL Process Statement warning at relogio.vhd(96): inferring latch(es) for signal or variable "contagem_min_dez", which holds its previous value in one or more paths through the process
Warning (10631): VHDL Process Statement warning at relogio.vhd(96): inferring latch(es) for signal or variable "contagem_hora_uni", which holds its previous value in one or more paths through the process
Warning (10631): VHDL Process Statement warning at relogio.vhd(96): inferring latch(es) for signal or variable "contagem_hora_dez", which holds its previous value in one or more paths through the process
Warning (10631): VHDL Process Statement warning at relogio.vhd(96): inferring latch(es) for signal or variable "saida_led_modo0", which holds its previous value in one or more paths through the process
Warning (10631): VHDL Process Statement warning at relogio.vhd(96): inferring latch(es) for signal or variable "saida_led_modo1", which holds its previous value in one or more paths through the process
Warning (10631): VHDL Process Statement warning at relogio.vhd(96): inferring latch(es) for signal or variable "saida_led_modo2", which holds its previous value in one or more paths through the process
Warning (10631): VHDL Process Statement warning at relogio.vhd(96): inferring latch(es) for signal or variable "contagem_centseg_uni", which holds its previous value in one or more paths through the process
Warning (10631): VHDL Process Statement warning at relogio.vhd(96): inferring latch(es) for signal or variable "contagem_centseg_dez", which holds its previous value in one or more paths through the process
Warning (10631): VHDL Process Statement warning at relogio.vhd(96): inferring latch(es) for signal or variable "led_alarme", which holds its previous value in one or more paths through the process
Info (10041): Inferred latch for "led_alarme" at relogio.vhd(96)
Info (10041): Inferred latch for "contagem_centseg_dez[0]" at relogio.vhd(96)
Info (10041): Inferred latch for "contagem_centseg_dez[1]" at relogio.vhd(96)
Info (10041): Inferred latch for "contagem_centseg_dez[2]" at relogio.vhd(96)
Info (10041): Inferred latch for "contagem_centseg_dez[3]" at relogio.vhd(96)
Info (10041): Inferred latch for "contagem_centseg_uni[0]" at relogio.vhd(96)
Info (10041): Inferred latch for "contagem_centseg_uni[1]" at relogio.vhd(96)
Info (10041): Inferred latch for "contagem_centseg_uni[2]" at relogio.vhd(96)
Info (10041): Inferred latch for "contagem_centseg_uni[3]" at relogio.vhd(96)
Info (10041): Inferred latch for "saida_led_modo2" at relogio.vhd(96)
Info (10041): Inferred latch for "saida_led_modo1" at relogio.vhd(96)
Info (10041): Inferred latch for "saida_led_modo0" at relogio.vhd(96)
Info (10041): Inferred latch for "contagem_hora_dez[0]" at relogio.vhd(96)
Info (10041): Inferred latch for "contagem_hora_dez[1]" at relogio.vhd(96)
Info (10041): Inferred latch for "contagem_hora_dez[2]" at relogio.vhd(96)
Info (10041): Inferred latch for "contagem_hora_dez[3]" at relogio.vhd(96)
Info (10041): Inferred latch for "contagem_hora_uni[0]" at relogio.vhd(96)
Info (10041): Inferred latch for "contagem_hora_uni[1]" at relogio.vhd(96)
Info (10041): Inferred latch for "contagem_hora_uni[2]" at relogio.vhd(96)
Info (10041): Inferred latch for "contagem_hora_uni[3]" at relogio.vhd(96)
Info (10041): Inferred latch for "contagem_min_dez[0]" at relogio.vhd(96)
Info (10041): Inferred latch for "contagem_min_dez[1]" at relogio.vhd(96)
Info (10041): Inferred latch for "contagem_min_dez[2]" at relogio.vhd(96)
Info (10041): Inferred latch for "contagem_min_dez[3]" at relogio.vhd(96)
Info (10041): Inferred latch for "contagem_min_uni[0]" at relogio.vhd(96)
Info (10041): Inferred latch for "contagem_min_uni[1]" at relogio.vhd(96)
Info (10041): Inferred latch for "contagem_min_uni[2]" at relogio.vhd(96)
Info (10041): Inferred latch for "contagem_min_uni[3]" at relogio.vhd(96)
Info (10041): Inferred latch for "contagem_seg_dez[0]" at relogio.vhd(96)
Info (10041): Inferred latch for "contagem_seg_dez[1]" at relogio.vhd(96)
Info (10041): Inferred latch for "contagem_seg_dez[2]" at relogio.vhd(96)
Info (10041): Inferred latch for "contagem_seg_dez[3]" at relogio.vhd(96)
Info (10041): Inferred latch for "contagem_seg_uni[0]" at relogio.vhd(96)
Info (10041): Inferred latch for "contagem_seg_uni[1]" at relogio.vhd(96)
Info (10041): Inferred latch for "contagem_seg_uni[2]" at relogio.vhd(96)
Info (10041): Inferred latch for "contagem_seg_uni[3]" at relogio.vhd(96)
Info (12128): Elaborating entity "relogio_contador" for hierarchy "relogio_contador:contador1"
Warning (10541): VHDL Signal Declaration warning at relogio_contador.vhd(8): used implicit default value for signal "centseg_saida_uni" because signal was never assigned a value or an explicit default value. Use of implicit default value may introduce unintended design optimizations.
Warning (10541): VHDL Signal Declaration warning at relogio_contador.vhd(8): used implicit default value for signal "centseg_saida_dez" because signal was never assigned a value or an explicit default value. Use of implicit default value may introduce unintended design optimizations.
Warning (10492): VHDL Process Statement warning at relogio_contador.vhd(79): signal "mode" is read inside the Process Statement but isn't in the Process Statement's sensitivity list
Warning (10492): VHDL Process Statement warning at relogio_contador.vhd(86): signal "config" is read inside the Process Statement but isn't in the Process Statement's sensitivity list
Warning (10492): VHDL Process Statement warning at relogio_contador.vhd(87): signal "set" is read inside the Process Statement but isn't in the Process Statement's sensitivity list
Info (12128): Elaborating entity "alarme" for hierarchy "alarme:contador2"
Warning (10492): VHDL Process Statement warning at alarme.vhd(30): signal "mode" is read inside the Process Statement but isn't in the Process Statement's sensitivity list
Warning (10492): VHDL Process Statement warning at alarme.vhd(37): signal "config" is read inside the Process Statement but isn't in the Process Statement's sensitivity list
Warning (10492): VHDL Process Statement warning at alarme.vhd(38): signal "set" is read inside the Process Statement but isn't in the Process Statement's sensitivity list
Warning (10492): VHDL Process Statement warning at alarme.vhd(45): signal "config" is read inside the Process Statement but isn't in the Process Statement's sensitivity list
Info (12128): Elaborating entity "cronometro_contador" for hierarchy "cronometro_contador:contador3"
Warning (10492): VHDL Process Statement warning at cronometro_contador.vhd(32): signal "mode" is read inside the Process Statement but isn't in the Process Statement's sensitivity list
Info (12128): Elaborating entity "conv2_bin_7seg" for hierarchy "conv2_bin_7seg:Conversor1"
Info (12128): Elaborating entity "conv_bin_7seg" for hierarchy "conv_bin_7seg:Conversor3"
Warning (10492): VHDL Process Statement warning at conv_bin_7seg.vhd(29): signal "piscar" is read inside the Process Statement but isn't in the Process Statement's sensitivity list
Warning (10492): VHDL Process Statement warning at conv_bin_7seg.vhd(29): signal "modo2" is read inside the Process Statement but isn't in the Process Statement's sensitivity list
Warning (10492): VHDL Process Statement warning at conv_bin_7seg.vhd(43): signal "piscar" is read inside the Process Statement but isn't in the Process Statement's sensitivity list
Warning (10492): VHDL Process Statement warning at conv_bin_7seg.vhd(43): signal "modo2" is read inside the Process Statement but isn't in the Process Statement's sensitivity list
Warning (10492): VHDL Process Statement warning at conv_bin_7seg.vhd(44): signal "clk2out" is read inside the Process Statement but isn't in the Process Statement's sensitivity list
Warning (10492): VHDL Process Statement warning at conv_bin_7seg.vhd(58): signal "clk2out" is read inside the Process Statement but isn't in the Process Statement's sensitivity list
Warning (10631): VHDL Process Statement warning at conv_bin_7seg.vhd(27): inferring latch(es) for signal or variable "q", which holds its previous value in one or more paths through the process
Info (10041): Inferred latch for "q[0]" at conv_bin_7seg.vhd(27)
Info (10041): Inferred latch for "q[1]" at conv_bin_7seg.vhd(27)
Info (10041): Inferred latch for "q[2]" at conv_bin_7seg.vhd(27)
Info (10041): Inferred latch for "q[3]" at conv_bin_7seg.vhd(27)
Info (10041): Inferred latch for "q[4]" at conv_bin_7seg.vhd(27)
Info (10041): Inferred latch for "q[5]" at conv_bin_7seg.vhd(27)
Info (10041): Inferred latch for "q[6]" at conv_bin_7seg.vhd(27)
Info (12128): Elaborating entity "Divisor_freq" for hierarchy "conv_bin_7seg:Conversor3|Divisor_freq:R0"
Warning (14026): LATCH primitive "conv_bin_7seg:Conversor4|q[1]" is permanently enabled
Warning (14026): LATCH primitive "conv_bin_7seg:Conversor4|q[2]" is permanently enabled
Warning (14026): LATCH primitive "conv_bin_7seg:Conversor4|q[3]" is permanently enabled
Warning (14026): LATCH primitive "conv_bin_7seg:Conversor4|q[4]" is permanently enabled
Warning (14026): LATCH primitive "conv_bin_7seg:Conversor4|q[5]" is permanently enabled
Warning (14026): LATCH primitive "conv_bin_7seg:Conversor4|q[6]" is permanently enabled
Warning (14026): LATCH primitive "conv_bin_7seg:Conversor4|q[0]" is permanently enabled
Warning (14026): LATCH primitive "conv_bin_7seg:Conversor3|q[1]" is permanently enabled
Warning (14026): LATCH primitive "conv_bin_7seg:Conversor3|q[2]" is permanently enabled
Warning (14026): LATCH primitive "conv_bin_7seg:Conversor3|q[3]" is permanently enabled
Warning (14026): LATCH primitive "conv_bin_7seg:Conversor3|q[4]" is permanently enabled
Warning (14026): LATCH primitive "conv_bin_7seg:Conversor3|q[5]" is permanently enabled
Warning (14026): LATCH primitive "conv_bin_7seg:Conversor3|q[6]" is permanently enabled
Warning (14026): LATCH primitive "conv_bin_7seg:Conversor3|q[0]" is permanently enabled
Warning (12241): 1 hierarchies have connectivity warnings - see the Connectivity Checks report folder
Warning (13012): Latch contagem_seg_uni[0] has unsafe behavior
    Warning (13013): Ports D and ENA on the latch are fed by the same signal alarme:contador2|modo[1]
Warning (13012): Latch contagem_seg_uni[1] has unsafe behavior
    Warning (13013): Ports D and ENA on the latch are fed by the same signal alarme:contador2|modo[1]
Warning (13012): Latch contagem_seg_uni[2] has unsafe behavior
    Warning (13013): Ports D and ENA on the latch are fed by the same signal alarme:contador2|modo[1]
Warning (13012): Latch contagem_seg_uni[3] has unsafe behavior
    Warning (13013): Ports D and ENA on the latch are fed by the same signal alarme:contador2|modo[1]
Warning (13012): Latch contagem_seg_dez[1] has unsafe behavior
    Warning (13013): Ports D and ENA on the latch are fed by the same signal alarme:contador2|modo[1]
Warning (13012): Latch contagem_seg_dez[0] has unsafe behavior
    Warning (13013): Ports D and ENA on the latch are fed by the same signal alarme:contador2|modo[1]
Warning (13012): Latch contagem_seg_dez[2] has unsafe behavior
    Warning (13013): Ports D and ENA on the latch are fed by the same signal alarme:contador2|modo[1]
Warning (13012): Latch conv_bin_7seg:Conversor5|q[0] has unsafe behavior
    Warning (13013): Ports D and ENA on the latch are fed by the same signal config
Warning (13012): Latch conv_bin_7seg:Conversor5|q[1] has unsafe behavior
    Warning (13013): Ports D and ENA on the latch are fed by the same signal config
Warning (13012): Latch conv_bin_7seg:Conversor5|q[2] has unsafe behavior
    Warning (13013): Ports D and ENA on the latch are fed by the same signal config
Warning (13012): Latch conv_bin_7seg:Conversor5|q[3] has unsafe behavior
    Warning (13013): Ports D and ENA on the latch are fed by the same signal config
Warning (13012): Latch conv_bin_7seg:Conversor5|q[4] has unsafe behavior
    Warning (13013): Ports D and ENA on the latch are fed by the same signal config
Warning (13012): Latch conv_bin_7seg:Conversor5|q[5] has unsafe behavior
    Warning (13013): Ports D and ENA on the latch are fed by the same signal config
Warning (13012): Latch conv_bin_7seg:Conversor5|q[6] has unsafe behavior
    Warning (13013): Ports D and ENA on the latch are fed by the same signal config
Warning (13012): Latch conv_bin_7seg:Conversor6|q[0] has unsafe behavior
    Warning (13013): Ports D and ENA on the latch are fed by the same signal config
Warning (13012): Latch conv_bin_7seg:Conversor6|q[1] has unsafe behavior
    Warning (13013): Ports D and ENA on the latch are fed by the same signal config
Warning (13012): Latch conv_bin_7seg:Conversor6|q[2] has unsafe behavior
    Warning (13013): Ports D and ENA on the latch are fed by the same signal config
Warning (13012): Latch conv_bin_7seg:Conversor6|q[3] has unsafe behavior
    Warning (13013): Ports D and ENA on the latch are fed by the same signal config
Warning (13012): Latch conv_bin_7seg:Conversor6|q[4] has unsafe behavior
    Warning (13013): Ports D and ENA on the latch are fed by the same signal config
Warning (13012): Latch conv_bin_7seg:Conversor6|q[5] has unsafe behavior
    Warning (13013): Ports D and ENA on the latch are fed by the same signal config
Warning (13012): Latch conv_bin_7seg:Conversor6|q[6] has unsafe behavior
    Warning (13013): Ports D and ENA on the latch are fed by the same signal config
Warning (13012): Latch conv_bin_7seg:Conversor7|q[0] has unsafe behavior
    Warning (13013): Ports D and ENA on the latch are fed by the same signal config
Warning (13012): Latch conv_bin_7seg:Conversor7|q[1] has unsafe behavior
    Warning (13013): Ports D and ENA on the latch are fed by the same signal config
Warning (13012): Latch conv_bin_7seg:Conversor7|q[2] has unsafe behavior
    Warning (13013): Ports D and ENA on the latch are fed by the same signal config
Warning (13012): Latch conv_bin_7seg:Conversor7|q[3] has unsafe behavior
    Warning (13013): Ports D and ENA on the latch are fed by the same signal config
Warning (13012): Latch conv_bin_7seg:Conversor7|q[4] has unsafe behavior
    Warning (13013): Ports D and ENA on the latch are fed by the same signal config
Warning (13012): Latch conv_bin_7seg:Conversor7|q[5] has unsafe behavior
    Warning (13013): Ports D and ENA on the latch are fed by the same signal config
Warning (13012): Latch conv_bin_7seg:Conversor7|q[6] has unsafe behavior
    Warning (13013): Ports D and ENA on the latch are fed by the same signal config
Warning (13012): Latch conv_bin_7seg:Conversor8|q[0] has unsafe behavior
    Warning (13013): Ports D and ENA on the latch are fed by the same signal config
Warning (13012): Latch conv_bin_7seg:Conversor8|q[1] has unsafe behavior
    Warning (13013): Ports D and ENA on the latch are fed by the same signal config
Warning (13012): Latch conv_bin_7seg:Conversor8|q[2] has unsafe behavior
    Warning (13013): Ports D and ENA on the latch are fed by the same signal config
Warning (13012): Latch conv_bin_7seg:Conversor8|q[3] has unsafe behavior
    Warning (13013): Ports D and ENA on the latch are fed by the same signal config
Warning (13012): Latch conv_bin_7seg:Conversor8|q[4] has unsafe behavior
    Warning (13013): Ports D and ENA on the latch are fed by the same signal config
Warning (13012): Latch conv_bin_7seg:Conversor8|q[5] has unsafe behavior
    Warning (13013): Ports D and ENA on the latch are fed by the same signal config
Warning (13012): Latch conv_bin_7seg:Conversor8|q[6] has unsafe behavior
    Warning (13013): Ports D and ENA on the latch are fed by the same signal config
Warning (13012): Latch led_alarme$latch has unsafe behavior
    Warning (13013): Ports D and ENA on the latch are fed by the same signal relogio_contador:contador1|cont_min_dez[1]
    Warning (13013): Ports ENA and CLR on the latch are fed by the same signal relogio_contador:contador1|cont_seg_dez[0]
Warning (13012): Latch contagem_min_uni[0] has unsafe behavior
    Warning (13013): Ports D and ENA on the latch are fed by the same signal alarme:contador2|modo[1]
Warning (13012): Latch contagem_min_uni[1] has unsafe behavior
    Warning (13013): Ports D and ENA on the latch are fed by the same signal alarme:contador2|modo[1]
Warning (13012): Latch contagem_min_uni[2] has unsafe behavior
    Warning (13013): Ports D and ENA on the latch are fed by the same signal alarme:contador2|modo[1]
Warning (13012): Latch contagem_min_uni[3] has unsafe behavior
    Warning (13013): Ports D and ENA on the latch are fed by the same signal alarme:contador2|modo[1]
Warning (13012): Latch contagem_min_dez[0] has unsafe behavior
    Warning (13013): Ports D and ENA on the latch are fed by the same signal alarme:contador2|modo[1]
Warning (13012): Latch contagem_min_dez[1] has unsafe behavior
    Warning (13013): Ports D and ENA on the latch are fed by the same signal alarme:contador2|modo[1]
Warning (13012): Latch contagem_min_dez[2] has unsafe behavior
    Warning (13013): Ports D and ENA on the latch are fed by the same signal alarme:contador2|modo[1]
Info (17049): 66 registers lost all their fanouts during netlist optimizations.
Info (16010): Generating hard_block partition "hard_block:auto_generated_inst"
    Info (16011): Adding 0 node(s), including 0 DDIO, 0 PLL, 0 transceiver and 0 LCELL
Info (21057): Implemented 499 device resources after synthesis - the final resource count might be different
    Info (21058): Implemented 6 input pins
    Info (21059): Implemented 60 output pins
    Info (21061): Implemented 433 logic cells
Info: Quartus II 64-Bit Analysis & Synthesis was successful. 0 errors, 171 warnings
    Info: Peak virtual memory: 487 megabytes
    Info: Processing ended: Mon Jun 11 10:31:44 2018
    Info: Elapsed time: 00:00:03
    Info: Total CPU time (on all processors): 00:00:03


